# JRE version: OpenJDK Runtime Environment Temurin-17.0.9+9 (17.0.9+9) (build 17.0.9+9)
# Java VM: OpenJDK 64-Bit Server VM Temurin-17.0.9+9 (17.0.9+9, mixed mode, emulated-client, tiered, compressed oops, compressed class ptrs, g1 gc, windows-amd64)
GC Precious Log:
 CPUs: 16 total, 16 available
 Memory: 15791M
 Large Page Support: Disabled
 NUMA Support: Disabled
 Compressed Oops: Enabled (32-bit)
 Heap Region Size: 1M
 Heap Min Capacity: 8M
 Heap Initial Capacity: 248M
 Heap Max Capacity: 1G
 Pre-touch: Disabled
 Parallel Workers: 13
 Concurrent Workers: 3
 Concurrent Refinement Workers: 13
 Periodic GC: Disabled
Heap:
 garbage-first heap   total 86016K, used 31305K [0x00000000c0000000, 0x0000000100000000)
  region size 1024K, 1 young (1024K), 0 survivors (0K)
 Metaspace       used 58982K, committed 59392K, reserved 1114112K
  class space    used 7309K, committed 7488K, reserved 1048576K
GC Heap History (20 events):
Event: 25573.768 GC heap before
{Heap before GC invocations=2336 (full 2322):
 garbage-first heap   total 86016K, used 31305K [0x00000000c0000000, 0x0000000100000000)
  region size 1024K, 1 young (1024K), 0 survivors (0K)
 Metaspace       used 58982K, committed 59392K, reserved 1114112K
  class space    used 7309K, committed 7488K, reserved 1048576K
}
Event: 25573.794 GC heap after
{Heap after GC invocations=2337 (full 2323):
 garbage-first heap   total 86016K, used 31305K [0x00000000c0000000, 0x0000000100000000)
  region size 1024K, 0 young (0K), 0 survivors (0K)
 Metaspace       used 58982K, committed 59392K, reserved 1114112K
  class space    used 7309K, committed 7488K, reserved 1048576K
}
Event: 25584.097 GC heap before
{Heap before GC invocations=2337 (full 2323):
 garbage-first heap   total 86016K, used 31305K [0x00000000c0000000, 0x0000000100000000)
  region size 1024K, 1 young (1024K), 0 survivors (0K)
 Metaspace       used 58982K, committed 59392K, reserved 1114112K
  class space    used 7309K, committed 7488K, reserved 1048576K
}
Event: 25584.132 GC heap after
{Heap after GC invocations=2338 (full 2324):
 garbage-first heap   total 86016K, used 31305K [0x00000000c0000000, 0x0000000100000000)
  region size 1024K, 0 young (0K), 0 survivors (0K)
 Metaspace       used 58982K, committed 59392K, reserved 1114112K
  class space    used 7309K, committed 7488K, reserved 1048576K
}
Event: 25594.435 GC heap before
{Heap before GC invocations=2338 (full 2324):
 garbage-first heap   total 86016K, used 31305K [0x00000000c0000000, 0x0000000100000000)
  region size 1024K, 1 young (1024K), 0 survivors (0K)
 Metaspace       used 58982K, committed 59392K, reserved 1114112K
  class space    used 7309K, committed 7488K, reserved 1048576K
}
Event: 25594.465 GC heap after
{Heap after GC invocations=2339 (full 2325):
 garbage-first heap   total 86016K, used 31305K [0x00000000c0000000, 0x0000000100000000)
  region size 1024K, 0 young (0K), 0 survivors (0K)
 Metaspace       used 58982K, committed 59392K, reserved 1114112K
  class space    used 7309K, committed 7488K, reserved 1048576K
}
Event: 25604.700 GC heap before
{Heap before GC invocations=2339 (full 2325):
 garbage-first heap   total 86016K, used 31305K [0x00000000c0000000, 0x0000000100000000)
  region size 1024K, 1 young (1024K), 0 survivors (0K)
 Metaspace       used 58982K, committed 59392K, reserved 1114112K
  class space    used 7309K, committed 7488K, reserved 1048576K
}
Event: 25604.740 GC heap after
{Heap after GC invocations=2340 (full 2326):
 garbage-first heap   total 86016K, used 31305K [0x00000000c0000000, 0x0000000100000000)
  region size 1024K, 0 young (0K), 0 survivors (0K)
 Metaspace       used 58982K, committed 59392K, reserved 1114112K
  class space    used 7309K, committed 7488K, reserved 1048576K
}
Event: 25615.272 GC heap before
{Heap before GC invocations=2340 (full 2326):
 garbage-first heap   total 86016K, used 31305K [0x00000000c0000000, 0x0000000100000000)
  region size 1024K, 1 young (1024K), 0 survivors (0K)
 Metaspace       used 58982K, committed 59392K, reserved 1114112K
  class space    used 7309K, committed 7488K, reserved 1048576K
}
Event: 25615.309 GC heap after
{Heap after GC invocations=2341 (full 2327):
 garbage-first heap   total 86016K, used 31305K [0x00000000c0000000, 0x0000000100000000)
  region size 1024K, 0 young (0K), 0 survivors (0K)
 Metaspace       used 58982K, committed 59392K, reserved 1114112K
  class space    used 7309K, committed 7488K, reserved 1048576K
}
Event: 25625.575 GC heap before
{Heap before GC invocations=2341 (full 2327):
 garbage-first heap   total 86016K, used 31305K [0x00000000c0000000, 0x0000000100000000)
  region size 1024K, 1 young (1024K), 0 survivors (0K)
 Metaspace       used 58982K, committed 59392K, reserved 1114112K
  class space    used 7309K, committed 7488K, reserved 1048576K
}
Event: 25625.603 GC heap after
{Heap after GC invocations=2342 (full 2328):
 garbage-first heap   total 86016K, used 31305K [0x00000000c0000000, 0x0000000100000000)
  region size 1024K, 0 young (0K), 0 survivors (0K)
 Metaspace       used 58982K, committed 59392K, reserved 1114112K
  class space    used 7309K, committed 7488K, reserved 1048576K
}
Event: 25635.851 GC heap before
{Heap before GC invocations=2342 (full 2328):
 garbage-first heap   total 86016K, used 31305K [0x00000000c0000000, 0x0000000100000000)
  region size 1024K, 1 young (1024K), 0 survivors (0K)
 Metaspace       used 58982K, committed 59392K, reserved 1114112K
  class space    used 7309K, committed 7488K, reserved 1048576K
}
Event: 25635.888 GC heap after
{Heap after GC invocations=2343 (full 2329):
 garbage-first heap   total 86016K, used 31305K [0x00000000c0000000, 0x0000000100000000)
  region size 1024K, 0 young (0K), 0 survivors (0K)
 Metaspace       used 58982K, committed 59392K, reserved 1114112K
  class space    used 7309K, committed 7488K, reserved 1048576K
}
Event: 25646.077 GC heap before
{Heap before GC invocations=2343 (full 2329):
 garbage-first heap   total 86016K, used 31305K [0x00000000c0000000, 0x0000000100000000)
  region size 1024K, 1 young (1024K), 0 survivors (0K)
 Metaspace       used 58982K, committed 59392K, reserved 1114112K
  class space    used 7309K, committed 7488K, reserved 1048576K
}
Event: 25646.099 GC heap after
{Heap after GC invocations=2344 (full 2330):
 garbage-first heap   total 86016K, used 31305K [0x00000000c0000000, 0x0000000100000000)
  region size 1024K, 0 young (0K), 0 survivors (0K)
 Metaspace       used 58982K, committed 59392K, reserved 1114112K
  class space    used 7309K, committed 7488K, reserved 1048576K
}
Event: 25656.323 GC heap before
{Heap before GC invocations=2344 (full 2330):
 garbage-first heap   total 86016K, used 31305K [0x00000000c0000000, 0x0000000100000000)
  region size 1024K, 1 young (1024K), 0 survivors (0K)
 Metaspace       used 58982K, committed 59392K, reserved 1114112K
  class space    used 7309K, committed 7488K, reserved 1048576K
}
Event: 25656.348 GC heap after
{Heap after GC invocations=2345 (full 2331):
 garbage-first heap   total 86016K, used 31305K [0x00000000c0000000, 0x0000000100000000)
  region size 1024K, 0 young (0K), 0 survivors (0K)
 Metaspace       used 58982K, committed 59392K, reserved 1114112K
  class space    used 7309K, committed 7488K, reserved 1048576K
}
Event: 25666.619 GC heap before
{Heap before GC invocations=2345 (full 2331):
 garbage-first heap   total 86016K, used 31305K [0x00000000c0000000, 0x0000000100000000)
  region size 1024K, 1 young (1024K), 0 survivors (0K)
 Metaspace       used 58982K, committed 59392K, reserved 1114112K
  class space    used 7309K, committed 7488K, reserved 1048576K
}
Event: 25666.646 GC heap after
{Heap after GC invocations=2346 (full 2332):
 garbage-first heap   total 86016K, used 31305K [0x00000000c0000000, 0x0000000100000000)
  region size 1024K, 0 young (0K), 0 survivors (0K)
 Metaspace       used 58982K, committed 59392K, reserved 1114112K
  class space    used 7309K, committed 7488K, reserved 1048576K
}

