# JRE version: OpenJDK Runtime Environment Temurin-17.0.9+9 (17.0.9+9) (build 17.0.9+9)
# Java VM: OpenJDK 64-Bit Server VM Temurin-17.0.9+9 (17.0.9+9, mixed mode, emulated-client, tiered, compressed oops, compressed class ptrs, g1 gc, windows-amd64)
GC Precious Log:
 CPUs: 16 total, 16 available
 Memory: 15791M
 Large Page Support: Disabled
 NUMA Support: Disabled
 Compressed Oops: Enabled (32-bit)
 Heap Region Size: 1M
 Heap Min Capacity: 8M
 Heap Initial Capacity: 248M
 Heap Max Capacity: 1G
 Pre-touch: Disabled
 Parallel Workers: 13
 Concurrent Workers: 3
 Concurrent Refinement Workers: 13
 Periodic GC: Disabled
Heap:
 garbage-first heap   total 89088K, used 32744K [0x00000000c0000000, 0x0000000100000000)
  region size 1024K, 1 young (1024K), 0 survivors (0K)
 Metaspace       used 59249K, committed 59648K, reserved 1114112K
  class space    used 7382K, committed 7552K, reserved 1048576K
GC Heap History (20 events):
Event: 24164.645 GC heap before
{Heap before GC invocations=911 (full 895):
 garbage-first heap   total 89088K, used 32744K [0x00000000c0000000, 0x0000000100000000)
  region size 1024K, 1 young (1024K), 0 survivors (0K)
 Metaspace       used 59249K, committed 59648K, reserved 1114112K
  class space    used 7382K, committed 7552K, reserved 1048576K
}
Event: 24164.667 GC heap after
{Heap after GC invocations=912 (full 896):
 garbage-first heap   total 89088K, used 32744K [0x00000000c0000000, 0x0000000100000000)
  region size 1024K, 0 young (0K), 0 survivors (0K)
 Metaspace       used 59249K, committed 59648K, reserved 1114112K
  class space    used 7382K, committed 7552K, reserved 1048576K
}
Event: 24204.830 GC heap before
{Heap before GC invocations=912 (full 896):
 garbage-first heap   total 89088K, used 32744K [0x00000000c0000000, 0x0000000100000000)
  region size 1024K, 1 young (1024K), 0 survivors (0K)
 Metaspace       used 59249K, committed 59648K, reserved 1114112K
  class space    used 7382K, committed 7552K, reserved 1048576K
}
Event: 24204.850 GC heap after
{Heap after GC invocations=913 (full 897):
 garbage-first heap   total 89088K, used 32744K [0x00000000c0000000, 0x0000000100000000)
  region size 1024K, 0 young (0K), 0 survivors (0K)
 Metaspace       used 59249K, committed 59648K, reserved 1114112K
  class space    used 7382K, committed 7552K, reserved 1048576K
}
Event: 24215.026 GC heap before
{Heap before GC invocations=913 (full 897):
 garbage-first heap   total 89088K, used 32744K [0x00000000c0000000, 0x0000000100000000)
  region size 1024K, 1 young (1024K), 0 survivors (0K)
 Metaspace       used 59249K, committed 59648K, reserved 1114112K
  class space    used 7382K, committed 7552K, reserved 1048576K
}
Event: 24215.046 GC heap after
{Heap after GC invocations=914 (full 898):
 garbage-first heap   total 89088K, used 32744K [0x00000000c0000000, 0x0000000100000000)
  region size 1024K, 0 young (0K), 0 survivors (0K)
 Metaspace       used 59249K, committed 59648K, reserved 1114112K
  class space    used 7382K, committed 7552K, reserved 1048576K
}
Event: 24225.210 GC heap before
{Heap before GC invocations=914 (full 898):
 garbage-first heap   total 89088K, used 32744K [0x00000000c0000000, 0x0000000100000000)
  region size 1024K, 1 young (1024K), 0 survivors (0K)
 Metaspace       used 59249K, committed 59648K, reserved 1114112K
  class space    used 7382K, committed 7552K, reserved 1048576K
}
Event: 24225.235 GC heap after
{Heap after GC invocations=915 (full 899):
 garbage-first heap   total 89088K, used 32744K [0x00000000c0000000, 0x0000000100000000)
  region size 1024K, 0 young (0K), 0 survivors (0K)
 Metaspace       used 59249K, committed 59648K, reserved 1114112K
  class space    used 7382K, committed 7552K, reserved 1048576K
}
Event: 24235.399 GC heap before
{Heap before GC invocations=915 (full 899):
 garbage-first heap   total 89088K, used 32744K [0x00000000c0000000, 0x0000000100000000)
  region size 1024K, 1 young (1024K), 0 survivors (0K)
 Metaspace       used 59249K, committed 59648K, reserved 1114112K
  class space    used 7382K, committed 7552K, reserved 1048576K
}
Event: 24235.420 GC heap after
{Heap after GC invocations=916 (full 900):
 garbage-first heap   total 89088K, used 32744K [0x00000000c0000000, 0x0000000100000000)
  region size 1024K, 0 young (0K), 0 survivors (0K)
 Metaspace       used 59249K, committed 59648K, reserved 1114112K
  class space    used 7382K, committed 7552K, reserved 1048576K
}
Event: 24315.831 GC heap before
{Heap before GC invocations=916 (full 900):
 garbage-first heap   total 89088K, used 32744K [0x00000000c0000000, 0x0000000100000000)
  region size 1024K, 1 young (1024K), 0 survivors (0K)
 Metaspace       used 59249K, committed 59648K, reserved 1114112K
  class space    used 7382K, committed 7552K, reserved 1048576K
}
Event: 24315.854 GC heap after
{Heap after GC invocations=917 (full 901):
 garbage-first heap   total 89088K, used 32744K [0x00000000c0000000, 0x0000000100000000)
  region size 1024K, 0 young (0K), 0 survivors (0K)
 Metaspace       used 59249K, committed 59648K, reserved 1114112K
  class space    used 7382K, committed 7552K, reserved 1048576K
}
Event: 24326.074 GC heap before
{Heap before GC invocations=917 (full 901):
 garbage-first heap   total 89088K, used 32744K [0x00000000c0000000, 0x0000000100000000)
  region size 1024K, 1 young (1024K), 0 survivors (0K)
 Metaspace       used 59249K, committed 59648K, reserved 1114112K
  class space    used 7382K, committed 7552K, reserved 1048576K
}
Event: 24326.101 GC heap after
{Heap after GC invocations=918 (full 902):
 garbage-first heap   total 89088K, used 32744K [0x00000000c0000000, 0x0000000100000000)
  region size 1024K, 0 young (0K), 0 survivors (0K)
 Metaspace       used 59249K, committed 59648K, reserved 1114112K
  class space    used 7382K, committed 7552K, reserved 1048576K
}
Event: 24336.241 GC heap before
{Heap before GC invocations=918 (full 902):
 garbage-first heap   total 89088K, used 32744K [0x00000000c0000000, 0x0000000100000000)
  region size 1024K, 1 young (1024K), 0 survivors (0K)
 Metaspace       used 59249K, committed 59648K, reserved 1114112K
  class space    used 7382K, committed 7552K, reserved 1048576K
}
Event: 24336.262 GC heap after
{Heap after GC invocations=919 (full 903):
 garbage-first heap   total 89088K, used 32744K [0x00000000c0000000, 0x0000000100000000)
  region size 1024K, 0 young (0K), 0 survivors (0K)
 Metaspace       used 59249K, committed 59648K, reserved 1114112K
  class space    used 7382K, committed 7552K, reserved 1048576K
}
Event: 24346.464 GC heap before
{Heap before GC invocations=919 (full 903):
 garbage-first heap   total 89088K, used 32744K [0x00000000c0000000, 0x0000000100000000)
  region size 1024K, 1 young (1024K), 0 survivors (0K)
 Metaspace       used 59249K, committed 59648K, reserved 1114112K
  class space    used 7382K, committed 7552K, reserved 1048576K
}
Event: 24346.486 GC heap after
{Heap after GC invocations=920 (full 904):
 garbage-first heap   total 89088K, used 32744K [0x00000000c0000000, 0x0000000100000000)
  region size 1024K, 0 young (0K), 0 survivors (0K)
 Metaspace       used 59249K, committed 59648K, reserved 1114112K
  class space    used 7382K, committed 7552K, reserved 1048576K
}
Event: 24356.704 GC heap before
{Heap before GC invocations=920 (full 904):
 garbage-first heap   total 89088K, used 32744K [0x00000000c0000000, 0x0000000100000000)
  region size 1024K, 1 young (1024K), 0 survivors (0K)
 Metaspace       used 59249K, committed 59648K, reserved 1114112K
  class space    used 7382K, committed 7552K, reserved 1048576K
}
Event: 24356.724 GC heap after
{Heap after GC invocations=921 (full 905):
 garbage-first heap   total 89088K, used 32744K [0x00000000c0000000, 0x0000000100000000)
  region size 1024K, 0 young (0K), 0 survivors (0K)
 Metaspace       used 59249K, committed 59648K, reserved 1114112K
  class space    used 7382K, committed 7552K, reserved 1048576K
}

