# JRE version: OpenJDK Runtime Environment Temurin-17.0.9+9 (17.0.9+9) (build 17.0.9+9)
# Java VM: OpenJDK 64-Bit Server VM Temurin-17.0.9+9 (17.0.9+9, mixed mode, emulated-client, tiered, compressed oops, compressed class ptrs, g1 gc, windows-amd64)
GC Precious Log:
 CPUs: 16 total, 16 available
 Memory: 15791M
 Large Page Support: Disabled
 NUMA Support: Disabled
 Compressed Oops: Enabled (32-bit)
 Heap Region Size: 1M
 Heap Min Capacity: 8M
 Heap Initial Capacity: 248M
 Heap Max Capacity: 1G
 Pre-touch: Disabled
 Parallel Workers: 13
 Concurrent Workers: 3
 Concurrent Refinement Workers: 13
 Periodic GC: Disabled
Heap:
 garbage-first heap   total 86016K, used 31822K [0x00000000c0000000, 0x0000000100000000)
  region size 1024K, 1 young (1024K), 0 survivors (0K)
 Metaspace       used 59540K, committed 59968K, reserved 1114112K
  class space    used 7409K, committed 7616K, reserved 1048576K
GC Heap History (20 events):
Event: 12284.087 GC heap before
{Heap before GC invocations=659 (full 638):
 garbage-first heap   total 86016K, used 31822K [0x00000000c0000000, 0x0000000100000000)
  region size 1024K, 1 young (1024K), 0 survivors (0K)
 Metaspace       used 59540K, committed 59968K, reserved 1114112K
  class space    used 7409K, committed 7616K, reserved 1048576K
}
Event: 12284.110 GC heap after
{Heap after GC invocations=660 (full 639):
 garbage-first heap   total 86016K, used 31822K [0x00000000c0000000, 0x0000000100000000)
  region size 1024K, 0 young (0K), 0 survivors (0K)
 Metaspace       used 59540K, committed 59968K, reserved 1114112K
  class space    used 7409K, committed 7616K, reserved 1048576K
}
Event: 12294.321 GC heap before
{Heap before GC invocations=660 (full 639):
 garbage-first heap   total 86016K, used 31822K [0x00000000c0000000, 0x0000000100000000)
  region size 1024K, 1 young (1024K), 0 survivors (0K)
 Metaspace       used 59540K, committed 59968K, reserved 1114112K
  class space    used 7409K, committed 7616K, reserved 1048576K
}
Event: 12294.348 GC heap after
{Heap after GC invocations=661 (full 640):
 garbage-first heap   total 86016K, used 31822K [0x00000000c0000000, 0x0000000100000000)
  region size 1024K, 0 young (0K), 0 survivors (0K)
 Metaspace       used 59540K, committed 59968K, reserved 1114112K
  class space    used 7409K, committed 7616K, reserved 1048576K
}
Event: 12304.555 GC heap before
{Heap before GC invocations=661 (full 640):
 garbage-first heap   total 86016K, used 31822K [0x00000000c0000000, 0x0000000100000000)
  region size 1024K, 1 young (1024K), 0 survivors (0K)
 Metaspace       used 59540K, committed 59968K, reserved 1114112K
  class space    used 7409K, committed 7616K, reserved 1048576K
}
Event: 12304.578 GC heap after
{Heap after GC invocations=662 (full 641):
 garbage-first heap   total 86016K, used 31822K [0x00000000c0000000, 0x0000000100000000)
  region size 1024K, 0 young (0K), 0 survivors (0K)
 Metaspace       used 59540K, committed 59968K, reserved 1114112K
  class space    used 7409K, committed 7616K, reserved 1048576K
}
Event: 12314.747 GC heap before
{Heap before GC invocations=662 (full 641):
 garbage-first heap   total 86016K, used 31822K [0x00000000c0000000, 0x0000000100000000)
  region size 1024K, 1 young (1024K), 0 survivors (0K)
 Metaspace       used 59540K, committed 59968K, reserved 1114112K
  class space    used 7409K, committed 7616K, reserved 1048576K
}
Event: 12314.769 GC heap after
{Heap after GC invocations=663 (full 642):
 garbage-first heap   total 86016K, used 31822K [0x00000000c0000000, 0x0000000100000000)
  region size 1024K, 0 young (0K), 0 survivors (0K)
 Metaspace       used 59540K, committed 59968K, reserved 1114112K
  class space    used 7409K, committed 7616K, reserved 1048576K
}
Event: 12324.956 GC heap before
{Heap before GC invocations=663 (full 642):
 garbage-first heap   total 86016K, used 31822K [0x00000000c0000000, 0x0000000100000000)
  region size 1024K, 1 young (1024K), 0 survivors (0K)
 Metaspace       used 59540K, committed 59968K, reserved 1114112K
  class space    used 7409K, committed 7616K, reserved 1048576K
}
Event: 12324.977 GC heap after
{Heap after GC invocations=664 (full 643):
 garbage-first heap   total 86016K, used 31822K [0x00000000c0000000, 0x0000000100000000)
  region size 1024K, 0 young (0K), 0 survivors (0K)
 Metaspace       used 59540K, committed 59968K, reserved 1114112K
  class space    used 7409K, committed 7616K, reserved 1048576K
}
Event: 12335.153 GC heap before
{Heap before GC invocations=664 (full 643):
 garbage-first heap   total 86016K, used 31822K [0x00000000c0000000, 0x0000000100000000)
  region size 1024K, 1 young (1024K), 0 survivors (0K)
 Metaspace       used 59540K, committed 59968K, reserved 1114112K
  class space    used 7409K, committed 7616K, reserved 1048576K
}
Event: 12335.180 GC heap after
{Heap after GC invocations=665 (full 644):
 garbage-first heap   total 86016K, used 31822K [0x00000000c0000000, 0x0000000100000000)
  region size 1024K, 0 young (0K), 0 survivors (0K)
 Metaspace       used 59540K, committed 59968K, reserved 1114112K
  class space    used 7409K, committed 7616K, reserved 1048576K
}
Event: 12345.370 GC heap before
{Heap before GC invocations=665 (full 644):
 garbage-first heap   total 86016K, used 31822K [0x00000000c0000000, 0x0000000100000000)
  region size 1024K, 1 young (1024K), 0 survivors (0K)
 Metaspace       used 59540K, committed 59968K, reserved 1114112K
  class space    used 7409K, committed 7616K, reserved 1048576K
}
Event: 12345.391 GC heap after
{Heap after GC invocations=666 (full 645):
 garbage-first heap   total 86016K, used 31822K [0x00000000c0000000, 0x0000000100000000)
  region size 1024K, 0 young (0K), 0 survivors (0K)
 Metaspace       used 59540K, committed 59968K, reserved 1114112K
  class space    used 7409K, committed 7616K, reserved 1048576K
}
Event: 12355.565 GC heap before
{Heap before GC invocations=666 (full 645):
 garbage-first heap   total 86016K, used 31822K [0x00000000c0000000, 0x0000000100000000)
  region size 1024K, 1 young (1024K), 0 survivors (0K)
 Metaspace       used 59540K, committed 59968K, reserved 1114112K
  class space    used 7409K, committed 7616K, reserved 1048576K
}
Event: 12355.586 GC heap after
{Heap after GC invocations=667 (full 646):
 garbage-first heap   total 86016K, used 31822K [0x00000000c0000000, 0x0000000100000000)
  region size 1024K, 0 young (0K), 0 survivors (0K)
 Metaspace       used 59540K, committed 59968K, reserved 1114112K
  class space    used 7409K, committed 7616K, reserved 1048576K
}
Event: 12365.748 GC heap before
{Heap before GC invocations=667 (full 646):
 garbage-first heap   total 86016K, used 31822K [0x00000000c0000000, 0x0000000100000000)
  region size 1024K, 1 young (1024K), 0 survivors (0K)
 Metaspace       used 59540K, committed 59968K, reserved 1114112K
  class space    used 7409K, committed 7616K, reserved 1048576K
}
Event: 12365.770 GC heap after
{Heap after GC invocations=668 (full 647):
 garbage-first heap   total 86016K, used 31822K [0x00000000c0000000, 0x0000000100000000)
  region size 1024K, 0 young (0K), 0 survivors (0K)
 Metaspace       used 59540K, committed 59968K, reserved 1114112K
  class space    used 7409K, committed 7616K, reserved 1048576K
}
Event: 12376.070 GC heap before
{Heap before GC invocations=668 (full 647):
 garbage-first heap   total 86016K, used 31822K [0x00000000c0000000, 0x0000000100000000)
  region size 1024K, 1 young (1024K), 0 survivors (0K)
 Metaspace       used 59540K, committed 59968K, reserved 1114112K
  class space    used 7409K, committed 7616K, reserved 1048576K
}
Event: 12376.098 GC heap after
{Heap after GC invocations=669 (full 648):
 garbage-first heap   total 86016K, used 31822K [0x00000000c0000000, 0x0000000100000000)
  region size 1024K, 0 young (0K), 0 survivors (0K)
 Metaspace       used 59540K, committed 59968K, reserved 1114112K
  class space    used 7409K, committed 7616K, reserved 1048576K
}

