# JRE version: Java(TM) SE Runtime Environment (21.0.1+12) (build 21.0.1+12-LTS-29)
# Java VM: Java HotSpot(TM) 64-Bit Server VM (21.0.1+12-LTS-29, mixed mode, sharing, tiered, compressed oops, compressed class ptrs, g1 gc, windows-amd64)
GC Precious Log:
 CardTable entry size: 512
 Card Set container configuration: InlinePtr #cards 4 size 8 Array Of Cards #cards 16 size 48 Howl #buckets 8 coarsen threshold 3686 Howl Bitmap #cards 512 size 80 coarsen threshold 460 Card regions per heap region 1 cards per card region 4096
 CPUs: 16 total, 16 available
 Memory: 15791M
 Large Page Support: Disabled
 NUMA Support: Disabled
 Compressed Oops: Enabled (Zero based)
 Heap Region Size: 2M
 Heap Min Capacity: 8M
 Heap Initial Capacity: 248M
 Heap Max Capacity: 3948M
 Pre-touch: Disabled
 Parallel Workers: 13
 Concurrent Workers: 3
 Concurrent Refinement Workers: 13
 Periodic GC: Disabled
Heap:
 garbage-first heap   total 61440K, used 18373K [0x0000000709400000, 0x0000000800000000)
  region size 2048K, 2 young (4096K), 2 survivors (4096K)
 Metaspace       used 44007K, committed 44672K, reserved 1114112K
  class space    used 4934K, committed 5248K, reserved 1048576K
GC Heap History (19 events):
Event: 0.400 GC heap before
{Heap before GC invocations=0 (full 0):
 garbage-first heap   total 253952K, used 22528K [0x0000000709400000, 0x0000000800000000)
  region size 2048K, 11 young (22528K), 0 survivors (0K)
 Metaspace       used 5668K, committed 5952K, reserved 1114112K
  class space    used 650K, committed 768K, reserved 1048576K
}
Event: 0.403 GC heap after
{Heap after GC invocations=1 (full 0):
 garbage-first heap   total 253952K, used 4096K [0x0000000709400000, 0x0000000800000000)
  region size 2048K, 2 young (4096K), 2 survivors (4096K)
 Metaspace       used 5668K, committed 5952K, reserved 1114112K
  class space    used 650K, committed 768K, reserved 1048576K
}
Event: 0.709 GC heap before
{Heap before GC invocations=1 (full 0):
 garbage-first heap   total 253952K, used 32768K [0x0000000709400000, 0x0000000800000000)
  region size 2048K, 17 young (34816K), 2 survivors (4096K)
 Metaspace       used 13635K, committed 13888K, reserved 1114112K
  class space    used 1624K, committed 1728K, reserved 1048576K
}
Event: 0.713 GC heap after
{Heap after GC invocations=2 (full 0):
 garbage-first heap   total 253952K, used 6709K [0x0000000709400000, 0x0000000800000000)
  region size 2048K, 2 young (4096K), 2 survivors (4096K)
 Metaspace       used 13635K, committed 13888K, reserved 1114112K
  class space    used 1624K, committed 1728K, reserved 1048576K
}
Event: 1.223 GC heap before
{Heap before GC invocations=2 (full 0):
 garbage-first heap   total 253952K, used 47669K [0x0000000709400000, 0x0000000800000000)
  region size 2048K, 23 young (47104K), 2 survivors (4096K)
 Metaspace       used 21118K, committed 21504K, reserved 1114112K
  class space    used 2581K, committed 2752K, reserved 1048576K
}
Event: 1.228 GC heap after
{Heap after GC invocations=3 (full 0):
 garbage-first heap   total 253952K, used 10294K [0x0000000709400000, 0x0000000800000000)
  region size 2048K, 4 young (8192K), 4 survivors (8192K)
 Metaspace       used 21118K, committed 21504K, reserved 1114112K
  class space    used 2581K, committed 2752K, reserved 1048576K
}
Event: 1.734 GC heap before
{Heap before GC invocations=4 (full 0):
 garbage-first heap   total 49152K, used 47158K [0x0000000709400000, 0x0000000800000000)
  region size 2048K, 22 young (45056K), 4 survivors (8192K)
 Metaspace       used 29092K, committed 29696K, reserved 1114112K
  class space    used 3545K, committed 3840K, reserved 1048576K
}
Event: 1.741 GC heap after
{Heap after GC invocations=5 (full 0):
 garbage-first heap   total 61440K, used 14588K [0x0000000709400000, 0x0000000800000000)
  region size 2048K, 6 young (12288K), 6 survivors (12288K)
 Metaspace       used 29092K, committed 29696K, reserved 1114112K
  class space    used 3545K, committed 3840K, reserved 1048576K
}
Event: 8.146 GC heap before
{Heap before GC invocations=5 (full 0):
 garbage-first heap   total 61440K, used 37116K [0x0000000709400000, 0x0000000800000000)
  region size 2048K, 18 young (36864K), 6 survivors (12288K)
 Metaspace       used 33551K, committed 34112K, reserved 1114112K
  class space    used 4094K, committed 4352K, reserved 1048576K
}
Event: 8.152 GC heap after
{Heap after GC invocations=6 (full 0):
 garbage-first heap   total 61440K, used 16777K [0x0000000709400000, 0x0000000800000000)
  region size 2048K, 2 young (4096K), 2 survivors (4096K)
 Metaspace       used 33551K, committed 34112K, reserved 1114112K
  class space    used 4094K, committed 4352K, reserved 1048576K
}
Event: 8.237 GC heap before
{Heap before GC invocations=6 (full 0):
 garbage-first heap   total 61440K, used 22921K [0x0000000709400000, 0x0000000800000000)
  region size 2048K, 6 young (12288K), 2 survivors (4096K)
 Metaspace       used 35393K, committed 35968K, reserved 1114112K
  class space    used 4234K, committed 4480K, reserved 1048576K
}
Event: 8.239 GC heap after
{Heap after GC invocations=7 (full 0):
 garbage-first heap   total 61440K, used 16722K [0x0000000709400000, 0x0000000800000000)
  region size 2048K, 2 young (4096K), 2 survivors (4096K)
 Metaspace       used 35393K, committed 35968K, reserved 1114112K
  class space    used 4234K, committed 4480K, reserved 1048576K
}
Event: 8.730 GC heap before
{Heap before GC invocations=8 (full 0):
 garbage-first heap   total 61440K, used 47442K [0x0000000709400000, 0x0000000800000000)
  region size 2048K, 18 young (36864K), 2 survivors (4096K)
 Metaspace       used 42526K, committed 43136K, reserved 1114112K
  class space    used 4857K, committed 5120K, reserved 1048576K
}
Event: 8.732 GC heap after
{Heap after GC invocations=9 (full 0):
 garbage-first heap   total 61440K, used 18038K [0x0000000709400000, 0x0000000800000000)
  region size 2048K, 3 young (6144K), 3 survivors (6144K)
 Metaspace       used 42526K, committed 43136K, reserved 1114112K
  class space    used 4857K, committed 5120K, reserved 1048576K
}
Event: 954.511 GC heap before
{Heap before GC invocations=9 (full 0):
 garbage-first heap   total 61440K, used 38518K [0x0000000709400000, 0x0000000800000000)
  region size 2048K, 14 young (28672K), 3 survivors (6144K)
 Metaspace       used 43120K, committed 43776K, reserved 1114112K
  class space    used 4912K, committed 5184K, reserved 1048576K
}
Event: 954.543 GC heap after
{Heap after GC invocations=10 (full 1):
 garbage-first heap   total 61440K, used 16014K [0x0000000709400000, 0x0000000800000000)
  region size 2048K, 0 young (0K), 0 survivors (0K)
 Metaspace       used 43100K, committed 43776K, reserved 1114112K
  class space    used 4910K, committed 5184K, reserved 1048576K
}
Event: 956.297 GC heap before
{Heap before GC invocations=10 (full 1):
 garbage-first heap   total 61440K, used 42638K [0x0000000709400000, 0x0000000800000000)
  region size 2048K, 15 young (30720K), 0 survivors (0K)
 Metaspace       used 43695K, committed 44352K, reserved 1114112K
  class space    used 4931K, committed 5248K, reserved 1048576K
}
Event: 956.328 GC heap after
{Heap after GC invocations=11 (full 2):
 garbage-first heap   total 61440K, used 15961K [0x0000000709400000, 0x0000000800000000)
  region size 2048K, 0 young (0K), 0 survivors (0K)
 Metaspace       used 43692K, committed 44352K, reserved 1114112K
  class space    used 4931K, committed 5248K, reserved 1048576K
}
Event: 1080.732 GC heap before
{Heap before GC invocations=11 (full 2):
 garbage-first heap   total 61440K, used 48729K [0x0000000709400000, 0x0000000800000000)
  region size 2048K, 16 young (32768K), 0 survivors (0K)
 Metaspace       used 44007K, committed 44672K, reserved 1114112K
  class space    used 4934K, committed 5248K, reserved 1048576K
}

