# JRE version: OpenJDK Runtime Environment Temurin-17.0.9+9 (17.0.9+9) (build 17.0.9+9)
# Java VM: OpenJDK 64-Bit Server VM Temurin-17.0.9+9 (17.0.9+9, mixed mode, emulated-client, tiered, compressed oops, compressed class ptrs, g1 gc, windows-amd64)
GC Precious Log:
 CPUs: 16 total, 16 available
 Memory: 15791M
 Large Page Support: Disabled
 NUMA Support: Disabled
 Compressed Oops: Enabled (32-bit)
 Heap Region Size: 1M
 Heap Min Capacity: 8M
 Heap Initial Capacity: 248M
 Heap Max Capacity: 1G
 Pre-touch: Disabled
 Parallel Workers: 13
 Concurrent Workers: 3
 Concurrent Refinement Workers: 13
 Periodic GC: Disabled
Heap:
 garbage-first heap   total 86016K, used 31084K [0x00000000c0000000, 0x0000000100000000)
  region size 1024K, 1 young (1024K), 0 survivors (0K)
 Metaspace       used 58235K, committed 58688K, reserved 1114112K
  class space    used 7224K, committed 7424K, reserved 1048576K
GC Heap History (20 events):
Event: 25916.966 GC heap before
{Heap before GC invocations=1077 (full 1065):
 garbage-first heap   total 86016K, used 31084K [0x00000000c0000000, 0x0000000100000000)
  region size 1024K, 1 young (1024K), 0 survivors (0K)
 Metaspace       used 58235K, committed 58688K, reserved 1114112K
  class space    used 7224K, committed 7424K, reserved 1048576K
}
Event: 25916.985 GC heap after
{Heap after GC invocations=1078 (full 1066):
 garbage-first heap   total 86016K, used 31084K [0x00000000c0000000, 0x0000000100000000)
  region size 1024K, 0 young (0K), 0 survivors (0K)
 Metaspace       used 58235K, committed 58688K, reserved 1114112K
  class space    used 7224K, committed 7424K, reserved 1048576K
}
Event: 25927.159 GC heap before
{Heap before GC invocations=1078 (full 1066):
 garbage-first heap   total 86016K, used 31084K [0x00000000c0000000, 0x0000000100000000)
  region size 1024K, 1 young (1024K), 0 survivors (0K)
 Metaspace       used 58235K, committed 58688K, reserved 1114112K
  class space    used 7224K, committed 7424K, reserved 1048576K
}
Event: 25927.177 GC heap after
{Heap after GC invocations=1079 (full 1067):
 garbage-first heap   total 86016K, used 31084K [0x00000000c0000000, 0x0000000100000000)
  region size 1024K, 0 young (0K), 0 survivors (0K)
 Metaspace       used 58235K, committed 58688K, reserved 1114112K
  class space    used 7224K, committed 7424K, reserved 1048576K
}
Event: 25937.335 GC heap before
{Heap before GC invocations=1079 (full 1067):
 garbage-first heap   total 86016K, used 31084K [0x00000000c0000000, 0x0000000100000000)
  region size 1024K, 1 young (1024K), 0 survivors (0K)
 Metaspace       used 58235K, committed 58688K, reserved 1114112K
  class space    used 7224K, committed 7424K, reserved 1048576K
}
Event: 25937.353 GC heap after
{Heap after GC invocations=1080 (full 1068):
 garbage-first heap   total 86016K, used 31084K [0x00000000c0000000, 0x0000000100000000)
  region size 1024K, 0 young (0K), 0 survivors (0K)
 Metaspace       used 58235K, committed 58688K, reserved 1114112K
  class space    used 7224K, committed 7424K, reserved 1048576K
}
Event: 25947.537 GC heap before
{Heap before GC invocations=1080 (full 1068):
 garbage-first heap   total 86016K, used 31084K [0x00000000c0000000, 0x0000000100000000)
  region size 1024K, 1 young (1024K), 0 survivors (0K)
 Metaspace       used 58235K, committed 58688K, reserved 1114112K
  class space    used 7224K, committed 7424K, reserved 1048576K
}
Event: 25947.555 GC heap after
{Heap after GC invocations=1081 (full 1069):
 garbage-first heap   total 86016K, used 31084K [0x00000000c0000000, 0x0000000100000000)
  region size 1024K, 0 young (0K), 0 survivors (0K)
 Metaspace       used 58235K, committed 58688K, reserved 1114112K
  class space    used 7224K, committed 7424K, reserved 1048576K
}
Event: 25957.746 GC heap before
{Heap before GC invocations=1081 (full 1069):
 garbage-first heap   total 86016K, used 31084K [0x00000000c0000000, 0x0000000100000000)
  region size 1024K, 1 young (1024K), 0 survivors (0K)
 Metaspace       used 58235K, committed 58688K, reserved 1114112K
  class space    used 7224K, committed 7424K, reserved 1048576K
}
Event: 25957.768 GC heap after
{Heap after GC invocations=1082 (full 1070):
 garbage-first heap   total 86016K, used 31084K [0x00000000c0000000, 0x0000000100000000)
  region size 1024K, 0 young (0K), 0 survivors (0K)
 Metaspace       used 58235K, committed 58688K, reserved 1114112K
  class space    used 7224K, committed 7424K, reserved 1048576K
}
Event: 25967.961 GC heap before
{Heap before GC invocations=1082 (full 1070):
 garbage-first heap   total 86016K, used 31084K [0x00000000c0000000, 0x0000000100000000)
  region size 1024K, 1 young (1024K), 0 survivors (0K)
 Metaspace       used 58235K, committed 58688K, reserved 1114112K
  class space    used 7224K, committed 7424K, reserved 1048576K
}
Event: 25967.979 GC heap after
{Heap after GC invocations=1083 (full 1071):
 garbage-first heap   total 86016K, used 31084K [0x00000000c0000000, 0x0000000100000000)
  region size 1024K, 0 young (0K), 0 survivors (0K)
 Metaspace       used 58235K, committed 58688K, reserved 1114112K
  class space    used 7224K, committed 7424K, reserved 1048576K
}
Event: 25978.152 GC heap before
{Heap before GC invocations=1083 (full 1071):
 garbage-first heap   total 86016K, used 31084K [0x00000000c0000000, 0x0000000100000000)
  region size 1024K, 1 young (1024K), 0 survivors (0K)
 Metaspace       used 58235K, committed 58688K, reserved 1114112K
  class space    used 7224K, committed 7424K, reserved 1048576K
}
Event: 25978.170 GC heap after
{Heap after GC invocations=1084 (full 1072):
 garbage-first heap   total 86016K, used 31084K [0x00000000c0000000, 0x0000000100000000)
  region size 1024K, 0 young (0K), 0 survivors (0K)
 Metaspace       used 58235K, committed 58688K, reserved 1114112K
  class space    used 7224K, committed 7424K, reserved 1048576K
}
Event: 25988.332 GC heap before
{Heap before GC invocations=1084 (full 1072):
 garbage-first heap   total 86016K, used 31084K [0x00000000c0000000, 0x0000000100000000)
  region size 1024K, 1 young (1024K), 0 survivors (0K)
 Metaspace       used 58235K, committed 58688K, reserved 1114112K
  class space    used 7224K, committed 7424K, reserved 1048576K
}
Event: 25988.350 GC heap after
{Heap after GC invocations=1085 (full 1073):
 garbage-first heap   total 86016K, used 31084K [0x00000000c0000000, 0x0000000100000000)
  region size 1024K, 0 young (0K), 0 survivors (0K)
 Metaspace       used 58235K, committed 58688K, reserved 1114112K
  class space    used 7224K, committed 7424K, reserved 1048576K
}
Event: 25998.520 GC heap before
{Heap before GC invocations=1085 (full 1073):
 garbage-first heap   total 86016K, used 31084K [0x00000000c0000000, 0x0000000100000000)
  region size 1024K, 1 young (1024K), 0 survivors (0K)
 Metaspace       used 58235K, committed 58688K, reserved 1114112K
  class space    used 7224K, committed 7424K, reserved 1048576K
}
Event: 25998.538 GC heap after
{Heap after GC invocations=1086 (full 1074):
 garbage-first heap   total 86016K, used 31084K [0x00000000c0000000, 0x0000000100000000)
  region size 1024K, 0 young (0K), 0 survivors (0K)
 Metaspace       used 58235K, committed 58688K, reserved 1114112K
  class space    used 7224K, committed 7424K, reserved 1048576K
}
Event: 26008.729 GC heap before
{Heap before GC invocations=1086 (full 1074):
 garbage-first heap   total 86016K, used 31084K [0x00000000c0000000, 0x0000000100000000)
  region size 1024K, 1 young (1024K), 0 survivors (0K)
 Metaspace       used 58235K, committed 58688K, reserved 1114112K
  class space    used 7224K, committed 7424K, reserved 1048576K
}
Event: 26008.748 GC heap after
{Heap after GC invocations=1087 (full 1075):
 garbage-first heap   total 86016K, used 31084K [0x00000000c0000000, 0x0000000100000000)
  region size 1024K, 0 young (0K), 0 survivors (0K)
 Metaspace       used 58235K, committed 58688K, reserved 1114112K
  class space    used 7224K, committed 7424K, reserved 1048576K
}

